Sat Apr 19 17:48:41 UTC 2025
Sun Apr 20 13:05:04 UTC 2025
Mon Apr 21 13:16:53 UTC 2025
Tue Apr 22 13:19:43 UTC 2025
Wed Apr 23 13:35:05 UTC 2025
Thu Apr 24 13:35:54 UTC 2025
Fri Apr 25 13:18:32 UTC 2025
Sat Apr 26 13:03:29 UTC 2025
Sun Apr 27 13:04:03 UTC 2025
Mon Apr 28 13:49:46 UTC 2025
Tue Apr 29 13:43:56 UTC 2025
Wed Apr 30 13:19:00 UTC 2025
Thu May  1 13:17:18 UTC 2025
Fri May  2 13:18:27 UTC 2025
Sat May  3 13:04:53 UTC 2025
Sun May  4 13:13:28 UTC 2025
Mon May  5 13:35:28 UTC 2025
Tue May  6 13:38:30 UTC 2025
Wed May  7 13:40:44 UTC 2025
Thu May  8 13:34:49 UTC 2025
Fri May  9 13:34:32 UTC 2025
Sat May 10 13:04:57 UTC 2025
Sun May 11 13:05:25 UTC 2025
Mon May 12 13:40:04 UTC 2025
